<?xml version="1.0" encoding="UTF-8"?>
<!-- Generated by org.testng.reporters.JUnitReportReporter -->
<testsuite hostname="LAPTOP-NK5PEPI4" failures="0" tests="1" name="testscript.ManageNewsTest" time="5.961" errors="0" timestamp="2025-08-29T11:53:59 CEST" skipped="0">
  <testcase classname="testscript.ManageNewsTest" name="verifysearchreset" time="5.961"/>
</testsuite> <!-- testscript.ManageNewsTest -->
