<?xml version="1.0" encoding="UTF-8"?>
<!-- Generated by org.testng.reporters.JUnitReportReporter -->
<testsuite hostname="LAPTOP-NK5PEPI4" failures="0" tests="4" name="testscript.Logintest" time="20.262" errors="0" timestamp="2025-09-02T05:56:58 CEST" skipped="0">
  <testcase classname="testscript.Logintest" name="verifyLoginWithValidCredentials" time="5.123"/>
  <testcase classname="testscript.Logintest" name="verifyLoginWithInvalidUsername" time="4.686"/>
  <testcase classname="testscript.Logintest" name="verifyLoginWithValidUsername" time="5.555"/>
  <testcase classname="testscript.Logintest" name="verifyLoginWithValidPassword" time="4.898"/>
</testsuite> <!-- testscript.Logintest -->
