<?xml version="1.0" encoding="UTF-8"?>
<!-- Generated by org.testng.reporters.JUnitReportReporter -->
<testsuite hostname="LAPTOP-NK5PEPI4" failures="0" tests="4" name="testscript.Logintest" time="21.287" errors="0" timestamp="2025-08-28T05:52:43 CEST" skipped="0">
  <testcase classname="testscript.Logintest" name="verifyLoginWithInvalidUsername" time="5.961"/>
  <testcase classname="testscript.Logintest" name="verifyLoginWithValidUsername" time="4.904"/>
  <testcase classname="testscript.Logintest" name="verifyLoginWithValidCredentials" time="5.394"/>
  <testcase classname="testscript.Logintest" name="verifyLoginWithValidPassword" time="5.028"/>
</testsuite> <!-- testscript.Logintest -->
